Arguments: 
  /opt/homebrew/Cellar/node@16/16.15.0/bin/node /opt/homebrew/bin/yarn add typescript ts-node-dev @types/express @types/jsonwebtoken @type/bcrypt -D

PATH: 
  /usr/local/opt/openjdk@8/bin:/usr/local/opt/openjdk@8/bin:/opt/homebrew/opt/node@16/bin:/opt/homebrew/opt/php@7.4/sbin:/opt/homebrew/opt/php@7.4/bin:/opt/homebrew/bin:/opt/homebrew/sbin:/usr/local/bin:/usr/bin:/bin:/usr/sbin:/sbin:/Library/Apple/usr/bin:/usr/local/opt/openjdk@8/bin:/opt/homebrew/opt/node@16/bin:/opt/homebrew/opt/php@7.4/sbin:/opt/homebrew/opt/php@7.4/bin:/Users/juniormarques/.zinit/polaris/bin:/opt/homebrew/bin:/opt/homebrew/sbin:/Applications/Visual Studio Code.app/Contents/Resources/app/bin:/Users/juniormarques/Android/Sdk/emulator:/Users/juniormarques/Android/Sdk/tools:/Users/juniormarques/Android/Sdk/tools/bin:/Users/juniormarques/Android/Sdk/platform-tools:/Applications/Visual Studio Code.app/Contents/Resources/app/bin:/Users/juniormarques/Android/Sdk/emulator:/Users/juniormarques/Android/Sdk/tools:/Users/juniormarques/Android/Sdk/tools/bin:/Users/juniormarques/Android/Sdk/platform-tools

Yarn version: 
  1.22.17

Node version: 
  16.15.0

Platform: 
  darwin arm64

Trace: 
  Error: https://registry.yarnpkg.com/@type%2fbcrypt: Not found
      at Request.params.callback [as _callback] (/opt/homebrew/lib/node_modules/yarn/lib/cli.js:67029:18)
      at Request.self.callback (/opt/homebrew/lib/node_modules/yarn/lib/cli.js:140883:22)
      at Request.emit (node:events:527:28)
      at Request.<anonymous> (/opt/homebrew/lib/node_modules/yarn/lib/cli.js:141855:10)
      at Request.emit (node:events:527:28)
      at IncomingMessage.<anonymous> (/opt/homebrew/lib/node_modules/yarn/lib/cli.js:141777:12)
      at Object.onceWrapper (node:events:641:28)
      at IncomingMessage.emit (node:events:539:35)
      at endReadableNT (node:internal/streams/readable:1345:12)
      at processTicksAndRejections (node:internal/process/task_queues:83:21)

npm manifest: 
  {
    "name": "prisma",
    "version": "1.0.0",
    "description": "",
    "main": "index.js",
    "scripts": {
      "test": "echo \"Error: no test specified\" && exit 1"
    },
    "keywords": [],
    "author": "",
    "license": "ISC"
  }

yarn manifest: 
  No manifest

Lockfile: 
  No lockfile
